Using pre-set license
Built from '2020.3/staging' branch; Version is '2020.3.17f1 (a4537701e4ab) revision 10769271'; Using compiler version '192528614'; Build Type 'Release'
OS: 'Windows 10 Home; OS build 19044.2486; Version 2009; 64bit' Language: 'ko' Physical Memory: 16335 MB
BatchMode: 1, IsHumanControllingUs: 0, StartBugReporterOnCrash: 0, Is64bit: 1, IsPro: 0

COMMAND LINE ARGUMENTS:
C:\Users\zheng\Desktop\2020.3.17f1\2020.3.17f1\Editor\Unity.exe
-adb2
-batchMode
-noUpm
-name
AssetImportWorker0
-projectPath
C:/Users/zheng/Documents/GitHub/ProjectB/My project
-logFile
Logs/AssetImportWorker0.log
-srvPort
58157
Successfully changed project path to: C:/Users/zheng/Documents/GitHub/ProjectB/My project
C:/Users/zheng/Documents/GitHub/ProjectB/My project
Using Asset Import Pipeline V2.
Refreshing native plugins compatible for Editor in 44.96 ms, found 2 plugins.
Preloading 0 native plugins for Editor in 0.00 ms.
Initialize engine version: 2020.3.17f1 (a4537701e4ab)
[Subsystems] Discovering subsystems at path C:/Users/zheng/Desktop/2020.3.17f1/2020.3.17f1/Editor/Data/Resources/UnitySubsystems
[Subsystems] Discovering subsystems at path C:/Users/zheng/Documents/GitHub/ProjectB/My project/Assets
GfxDevice: creating device client; threaded=0
Direct3D:
    Version:  Direct3D 11.0 [level 11.1]
    Renderer: Radeon RX 570 Series (ID=0x67df)
    Vendor:   
    VRAM:     4074 MB
    Driver:   31.0.12027.7000
Initialize mono
Mono path[0] = 'C:/Users/zheng/Desktop/2020.3.17f1/2020.3.17f1/Editor/Data/Managed'
Mono path[1] = 'C:/Users/zheng/Desktop/2020.3.17f1/2020.3.17f1/Editor/Data/MonoBleedingEdge/lib/mono/unityjit'
Mono config path = 'C:/Users/zheng/Desktop/2020.3.17f1/2020.3.17f1/Editor/Data/MonoBleedingEdge/etc'
Using monoOptions --debugger-agent=transport=dt_socket,embedding=1,server=y,suspend=n,address=127.0.0.1:56196
Begin MonoManager ReloadAssembly
Registering precompiled unity dll's ...
Register platform support module: C:/Users/zheng/Desktop/2020.3.17f1/2020.3.17f1/Editor/Data/PlaybackEngines/WindowsStandaloneSupport/UnityEditor.WindowsStandalone.Extensions.dll
Registered in 0.006833 seconds.
Native extension for WindowsStandalone target not found
Refreshing native plugins compatible for Editor in 34.78 ms, found 2 plugins.
Preloading 0 native plugins for Editor in 0.00 ms.
Mono: successfully reloaded assembly
- Completed reload, in  5.054 seconds
Domain Reload Profiling:
	ReloadAssembly (5054ms)
		BeginReloadAssembly (110ms)
			ExecutionOrderSort (0ms)
			DisableScriptedObjects (0ms)
			BackupInstance (0ms)
			ReleaseScriptingObjects (0ms)
			CreateAndSetChildDomain (1ms)
		EndReloadAssembly (475ms)
			LoadAssemblies (103ms)
			RebuildTransferFunctionScriptingTraits (0ms)
			SetupTypeCache (168ms)
			ReleaseScriptCaches (0ms)
			RebuildScriptCaches (29ms)
			SetupLoadedEditorAssemblies (174ms)
				LogAssemblyErrors (0ms)
				InitializePlatformSupportModulesInManaged (5ms)
				SetLoadedEditorAssemblies (0ms)
				RefreshPlugins (35ms)
				BeforeProcessingInitializeOnLoad (19ms)
				ProcessInitializeOnLoadAttributes (83ms)
				ProcessInitializeOnLoadMethodAttributes (31ms)
				AfterProcessingInitializeOnLoad (0ms)
				EditorAssembliesLoaded (0ms)
			ExecutionOrderSort2 (0ms)
			AwakeInstancesAfterBackupRestoration (0ms)
Platform modules already initialized, skipping
Registering precompiled user dll's ...
Registered in 0.021110 seconds.
Begin MonoManager ReloadAssembly
Native extension for WindowsStandalone target not found
Refreshing native plugins compatible for Editor in 0.43 ms, found 2 plugins.
Preloading 0 native plugins for Editor in 0.00 ms.
Mono: successfully reloaded assembly
- Completed reload, in  1.435 seconds
Domain Reload Profiling:
	ReloadAssembly (1436ms)
		BeginReloadAssembly (208ms)
			ExecutionOrderSort (0ms)
			DisableScriptedObjects (5ms)
			BackupInstance (0ms)
			ReleaseScriptingObjects (0ms)
			CreateAndSetChildDomain (20ms)
		EndReloadAssembly (1128ms)
			LoadAssemblies (164ms)
			RebuildTransferFunctionScriptingTraits (0ms)
			SetupTypeCache (322ms)
			ReleaseScriptCaches (1ms)
			RebuildScriptCaches (47ms)
			SetupLoadedEditorAssemblies (515ms)
				LogAssemblyErrors (0ms)
				InitializePlatformSupportModulesInManaged (7ms)
				SetLoadedEditorAssemblies (1ms)
				RefreshPlugins (1ms)
				BeforeProcessingInitializeOnLoad (111ms)
				ProcessInitializeOnLoadAttributes (365ms)
				ProcessInitializeOnLoadMethodAttributes (5ms)
				AfterProcessingInitializeOnLoad (26ms)
				EditorAssembliesLoaded (0ms)
			ExecutionOrderSort2 (0ms)
			AwakeInstancesAfterBackupRestoration (8ms)
Platform modules already initialized, skipping
========================================================================
Worker process is ready to serve import requests
Launched and connected shader compiler UnityShaderCompiler.exe after 0.07 seconds
Refreshing native plugins compatible for Editor in 0.43 ms, found 2 plugins.
Preloading 0 native plugins for Editor in 0.00 ms.
Unloading 1476 Unused Serialized files (Serialized files now loaded: 0)
System memory in use before: 72.0 MB.
System memory in use after: 72.0 MB.

Unloading 25 unused Assets to reduce memory usage. Loaded Objects now: 1943.
Total: 3.187800 ms (FindLiveObjects: 0.176100 ms CreateObjectMapping: 0.035800 ms MarkObjects: 2.865800 ms  DeleteObjects: 0.108400 ms)

AssetImportParameters requested are different than current active one (requested -> active):
  custom:framework-win-MediaFoundation: 216162199b28c13a410421893ffa2e32 -> 
  custom:video-decoder-ogg-theora: a1e56fd34408186e4bbccfd4996cb3dc -> 
  custom:container-muxer-webm: aa71ff27fc2769a1b78a27578f13a17b -> 
  custom:container-demuxer-webm: 4f35f7cbe854078d1ac9338744f61a02 -> 
  custom:container-demuxer-ogg: 62fdf1f143b41e24485cea50d1cbac27 -> 
  custom:video-encoder-webm-vp8: eb34c28f22e8b96e1ab97ce403110664 -> 
  custom:video-decoder-webm-vp8: 9c59270c3fd7afecdb556c50c9e8de78 -> 
  custom:audio-decoder-ogg-vorbis: bf7c407c2cedff20999df2af8eb42d56 -> 
  custom:audio-encoder-webm-vorbis: bf7c407c2cedff20999df2af8eb42d56 -> 
========================================================================
Received Import Request.
  path: Assets/Yello.mat
  artifactKey: Guid(43c3cb1660fb5004182ede23258f7f91) Importer(815301076,1909f56bfc062723c751e8b465ee728b)
Start importing Assets/Yello.mat using Guid(43c3cb1660fb5004182ede23258f7f91) Importer(815301076,1909f56bfc062723c751e8b465ee728b)  -> (artifact id: 'd391059a9eaf7e132f7b7019fb3fa74b') in 0.144824 seconds 
  Import took 0.147436 seconds .

========================================================================
Received Import Request.
  Time since last request: 0.152575 seconds.
  path: Assets/Yellow.mat
  artifactKey: Guid(43c3cb1660fb5004182ede23258f7f91) Importer(815301076,1909f56bfc062723c751e8b465ee728b)
Start importing Assets/Yellow.mat using Guid(43c3cb1660fb5004182ede23258f7f91) Importer(815301076,1909f56bfc062723c751e8b465ee728b)  -> (artifact id: '463b93f0bd0cb5a1d0a9a93dedd60fd9') in 0.016532 seconds 
  Import took 0.019272 seconds .

========================================================================
Received Import Request.
  Time since last request: 3.445437 seconds.
  path: Assets/Blue.mat
  artifactKey: Guid(1a25b1aa623b6f244b97ffdf59caa891) Importer(815301076,1909f56bfc062723c751e8b465ee728b)
Start importing Assets/Blue.mat using Guid(1a25b1aa623b6f244b97ffdf59caa891) Importer(815301076,1909f56bfc062723c751e8b465ee728b)  -> (artifact id: 'f9b178cfd7c7d000e8a30466f01195ba') in 0.015677 seconds 
  Import took 0.018451 seconds .

========================================================================
Received Import Request.
  Time since last request: 4.067867 seconds.
  path: Assets/Green.mat
  artifactKey: Guid(5c43f6f605ae0b04584c370387cd5398) Importer(815301076,1909f56bfc062723c751e8b465ee728b)
Start importing Assets/Green.mat using Guid(5c43f6f605ae0b04584c370387cd5398) Importer(815301076,1909f56bfc062723c751e8b465ee728b)  -> (artifact id: '1378a85fc456fcf82a965633c8f5d9db') in 0.015295 seconds 
  Import took 0.018045 seconds .

========================================================================
Received Import Request.
  Time since last request: 4.220277 seconds.
  path: Assets/red.mat
  artifactKey: Guid(348b371fb9444b64bb88bd3d9a43a0e5) Importer(815301076,1909f56bfc062723c751e8b465ee728b)
Start importing Assets/red.mat using Guid(348b371fb9444b64bb88bd3d9a43a0e5) Importer(815301076,1909f56bfc062723c751e8b465ee728b)  -> (artifact id: '09708fa6afc82488a684a7c3f6292a6e') in 0.016185 seconds 
  Import took 0.018867 seconds .

========================================================================
Received Import Request.
  Time since last request: 401.073618 seconds.
  path: Assets/Blue.mat
  artifactKey: Guid(1a25b1aa623b6f244b97ffdf59caa891) Importer(815301076,1909f56bfc062723c751e8b465ee728b)
Start importing Assets/Blue.mat using Guid(1a25b1aa623b6f244b97ffdf59caa891) Importer(815301076,1909f56bfc062723c751e8b465ee728b)  -> (artifact id: '21b4514e529bb25005c07e9fde4d374a') in 0.018288 seconds 
  Import took 0.021270 seconds .

========================================================================
Received Import Request.
  Time since last request: 0.000313 seconds.
  path: Assets/Green.mat
  artifactKey: Guid(5c43f6f605ae0b04584c370387cd5398) Importer(815301076,1909f56bfc062723c751e8b465ee728b)
Start importing Assets/Green.mat using Guid(5c43f6f605ae0b04584c370387cd5398) Importer(815301076,1909f56bfc062723c751e8b465ee728b)  -> (artifact id: 'b89e5fde6eb0c4fe809ea9f74620ee9e') in 0.014916 seconds 
  Import took 0.017388 seconds .

========================================================================
Received Import Request.
  Time since last request: 0.000251 seconds.
  path: Assets/Yellow.mat
  artifactKey: Guid(43c3cb1660fb5004182ede23258f7f91) Importer(815301076,1909f56bfc062723c751e8b465ee728b)
Start importing Assets/Yellow.mat using Guid(43c3cb1660fb5004182ede23258f7f91) Importer(815301076,1909f56bfc062723c751e8b465ee728b)  -> (artifact id: 'c9241ff66fac1a2a2d03dbefde5cc6ec') in 0.016882 seconds 
  Import took 0.019298 seconds .

========================================================================
Received Import Request.
  Time since last request: 0.000269 seconds.
  path: Assets/red.mat
  artifactKey: Guid(348b371fb9444b64bb88bd3d9a43a0e5) Importer(815301076,1909f56bfc062723c751e8b465ee728b)
Start importing Assets/red.mat using Guid(348b371fb9444b64bb88bd3d9a43a0e5) Importer(815301076,1909f56bfc062723c751e8b465ee728b)  -> (artifact id: 'ccab8ffbb7d7087c792eafc1d5157792') in 0.015259 seconds 
  Import took 0.017859 seconds .

========================================================================
Received Import Request.
  Time since last request: 6.590293 seconds.
  path: Assets/VeryRed.mat
  artifactKey: Guid(1ff5c5ae01b8203418e4adb0d5ed4bc4) Importer(815301076,1909f56bfc062723c751e8b465ee728b)
Start importing Assets/VeryRed.mat using Guid(1ff5c5ae01b8203418e4adb0d5ed4bc4) Importer(815301076,1909f56bfc062723c751e8b465ee728b)  -> (artifact id: '67f145a2a54c9fc5cfed831f69ba1352') in 0.015057 seconds 
  Import took 0.017751 seconds .

========================================================================
Received Import Request.
  Time since last request: 756.919036 seconds.
  path: Assets/ProCore/ProBuilder/Resources/Materials/Collider.mat
  artifactKey: Guid(603fae72aff7ce047b3328181ccdb189) Importer(815301076,1909f56bfc062723c751e8b465ee728b)
Start importing Assets/ProCore/ProBuilder/Resources/Materials/Collider.mat using Guid(603fae72aff7ce047b3328181ccdb189) Importer(815301076,1909f56bfc062723c751e8b465ee728b)  -> (artifact id: 'bc0d30e85a0bb60807ca25f5e5ae683e') in 0.059030 seconds 
  Import took 0.062040 seconds .

========================================================================
Received Import Request.
  Time since last request: 0.000266 seconds.
  path: Assets/ProCore/ProBuilder/Resources/Materials/InvisibleFace.mat
  artifactKey: Guid(ff383952e5ab4984fa6d78dc45f912ca) Importer(815301076,1909f56bfc062723c751e8b465ee728b)
Start importing Assets/ProCore/ProBuilder/Resources/Materials/InvisibleFace.mat using Guid(ff383952e5ab4984fa6d78dc45f912ca) Importer(815301076,1909f56bfc062723c751e8b465ee728b)  -> (artifact id: '2bae922535a906172f501d09e6440d81') in 0.016755 seconds 
  Import took 0.019299 seconds .

========================================================================
Received Import Request.
  Time since last request: 0.000278 seconds.
  path: Assets/ProCore/ProBuilder/Resources/Materials/Default_Prototype.mat
  artifactKey: Guid(55296d1b6ee54e14e8eb4648d4b448ee) Importer(815301076,1909f56bfc062723c751e8b465ee728b)
Start importing Assets/ProCore/ProBuilder/Resources/Materials/Default_Prototype.mat using Guid(55296d1b6ee54e14e8eb4648d4b448ee) Importer(815301076,1909f56bfc062723c751e8b465ee728b)  -> (artifact id: '63a447be497447320ca1746f1f21a073') in 0.018353 seconds 
  Import took 0.021085 seconds .

========================================================================
Received Import Request.
  Time since last request: 0.000329 seconds.
  path: Assets/ProCore/ProBuilder/Resources/Materials/Trigger.mat
  artifactKey: Guid(52ade5953df0f7b48a2ffbce262817de) Importer(815301076,1909f56bfc062723c751e8b465ee728b)
Start importing Assets/ProCore/ProBuilder/Resources/Materials/Trigger.mat using Guid(52ade5953df0f7b48a2ffbce262817de) Importer(815301076,1909f56bfc062723c751e8b465ee728b)  -> (artifact id: '5041846a464a6528d0ff8ce5f4fe1cbc') in 0.017154 seconds 
  Import took 0.020020 seconds .

========================================================================
Received Import Request.
  Time since last request: 0.000275 seconds.
  path: Assets/ProCore/ProBuilder/Resources/Materials/VertexPicker.mat
  artifactKey: Guid(c31e9d985a7477641845983a9e3f2dd5) Importer(815301076,1909f56bfc062723c751e8b465ee728b)
Start importing Assets/ProCore/ProBuilder/Resources/Materials/VertexPicker.mat using Guid(c31e9d985a7477641845983a9e3f2dd5) Importer(815301076,1909f56bfc062723c751e8b465ee728b)  -> (artifact id: '6c60df07d9f78a0abbf16b80cba524e2') in 0.016954 seconds 
  Import took 0.019409 seconds .

========================================================================
Received Import Request.
  Time since last request: 0.000279 seconds.
  path: Assets/ProCore/ProBuilder/Resources/Materials/UnlitVertexColor.mat
  artifactKey: Guid(6db7bfac3a973f84bbccc95d60c5dc34) Importer(815301076,1909f56bfc062723c751e8b465ee728b)
Start importing Assets/ProCore/ProBuilder/Resources/Materials/UnlitVertexColor.mat using Guid(6db7bfac3a973f84bbccc95d60c5dc34) Importer(815301076,1909f56bfc062723c751e8b465ee728b)  -> (artifact id: 'f3327a680b21c5452f7aaab6b1f9788e') in 0.016892 seconds 
  Import took 0.019352 seconds .

========================================================================
Received Import Request.
  Time since last request: 0.000275 seconds.
  path: Assets/ProCore/ProBuilder/Resources/Materials/NoDraw.mat
  artifactKey: Guid(6cbf8ff303d34df44b45c5624d244052) Importer(815301076,1909f56bfc062723c751e8b465ee728b)
Start importing Assets/ProCore/ProBuilder/Resources/Materials/NoDraw.mat using Guid(6cbf8ff303d34df44b45c5624d244052) Importer(815301076,1909f56bfc062723c751e8b465ee728b)  -> (artifact id: '3613ecc4776182702607a4eac6a3977b') in 0.044251 seconds 
  Import took 0.046787 seconds .

========================================================================
Received Import Request.
  Time since last request: 0.000268 seconds.
  path: Assets/ProCore/ProBuilder/Resources/Materials/FacePicker.mat
  artifactKey: Guid(938152868a4b95549b1f1bbd0253ac42) Importer(815301076,1909f56bfc062723c751e8b465ee728b)
Start importing Assets/ProCore/ProBuilder/Resources/Materials/FacePicker.mat using Guid(938152868a4b95549b1f1bbd0253ac42) Importer(815301076,1909f56bfc062723c751e8b465ee728b)  -> (artifact id: '1d32ba7e8a06fae39b038d8de97d3f04') in 0.015117 seconds 
  Import took 0.017684 seconds .

========================================================================
Received Import Request.
  Time since last request: 472.602307 seconds.
  path: Assets/red.mat
  artifactKey: Guid(348b371fb9444b64bb88bd3d9a43a0e5) Importer(815301076,1909f56bfc062723c751e8b465ee728b)
Start importing Assets/red.mat using Guid(348b371fb9444b64bb88bd3d9a43a0e5) Importer(815301076,1909f56bfc062723c751e8b465ee728b)  -> (artifact id: '219e0cf32bc940bb4fd25c95ef608c3a') in 0.017700 seconds 
  Import took 0.020758 seconds .

========================================================================
Received Import Request.
  Time since last request: 0.000297 seconds.
  path: Assets/VeryRed.mat
  artifactKey: Guid(1ff5c5ae01b8203418e4adb0d5ed4bc4) Importer(815301076,1909f56bfc062723c751e8b465ee728b)
Start importing Assets/VeryRed.mat using Guid(1ff5c5ae01b8203418e4adb0d5ed4bc4) Importer(815301076,1909f56bfc062723c751e8b465ee728b)  -> (artifact id: 'f0dcfb0b8d0500daa5e6f611eb4557c5') in 0.015722 seconds 
  Import took 0.018219 seconds .

AssetImportWorkerClient::OnTransportError - code=2 error=End of file
